Build started 23/07/2015 5:31:04 PM.
     1>Project "C:\Users\nelson.hain\Documents\PhysicsAssessment\PhysXEngine\PhysicsEngine\PhysicsEngine.vcxproj" on node 3 (Rebuild target(s)).
     1>ClCompile:
         C:\Program Files (x86)\Microsoft Visual Studio 12.0\VC\bin\CL.exe /c /IC:\Users\nelson.hain\Documents\PhysicsAssessment\PhysXEngine\PhysicsEngine\Dep\glm\ /IC:\Users\nelson.hain\Documents\PhysicsAssessment\PhysXEngine\PhysicsEngine\Dep\glfw\include\ /ZI /nologo /W3 /WX- /Od /Oy- /D GLM_SWIZZLE /D GLM_FORCE_PURE /D WIN32 /D _DEBUG /D _CONSOLE /D _LIB /D _UNICODE /D UNICODE /Gm /EHsc /RTC1 /MDd /GS /fp:precise /Zc:wchar_t /Zc:forScope /Fo"Debug\\" /Fd"Debug\vc120.pdb" /Gd /TP /analyze- /errorReport:prompt Source\App.cpp Source\Box.cpp Source\Camera\Camera.cpp Source\Camera\MobileCamera.cpp Source\PhysicsObject.cpp Source\Plane.cpp Source\RigidBody.cpp Source\Sphere.cpp Source\Giz_core\Gizmos.cpp Source\main.cpp Source\PhysicsScene.cpp Source\TutNewtonsThirdLaw.cpp Source\TutCollisionDetection.cpp
         TutCollisionDetection.cpp
         TutNewtonsThirdLaw.cpp
     1>c:\users\nelson.hain\documents\physicsassessment\physxengine\physicsengine\source\physicsscene.h(47): error C2061: syntax error : identifier 'Box'
         PhysicsScene.cpp
     1>c:\users\nelson.hain\documents\physicsassessment\physxengine\physicsengine\source\physicsscene.h(47): error C2061: syntax error : identifier 'Box'
     1>c:\users\nelson.hain\documents\physicsassessment\physxengine\physicsengine\source\physicsscene.cpp(259): error C2660: 'PhysicsScene::GetAABBMoveRatio' : function does not take 2 arguments
     1>c:\users\nelson.hain\documents\physicsassessment\physxengine\physicsengine\source\physicsscene.cpp(322): error C2511: 'glm::vec2 PhysicsScene::GetAABBMoveRatio(Box *,Box *)' : overloaded member function not found in 'PhysicsScene'
                 c:\users\nelson.hain\documents\physicsassessment\physxengine\physicsengine\source\physicsscene.h(8) : see declaration of 'PhysicsScene'
         main.cpp
         Gizmos.cpp
         Sphere.cpp
         RigidBody.cpp
         Plane.cpp
         PhysicsObject.cpp
         MobileCamera.cpp
         Camera.cpp
         Box.cpp
         App.cpp
         Generating Code...
     1>Done Building Project "C:\Users\nelson.hain\Documents\PhysicsAssessment\PhysXEngine\PhysicsEngine\PhysicsEngine.vcxproj" (Rebuild target(s)) -- FAILED.

Build FAILED.

Time Elapsed 00:00:31.17
