  PhysXApp.cpp
c:\users\nelson hain\documents\physicsassessment\physxengine\physxengine\source\physxapp.cpp(6): warning C4067: unexpected tokens following preprocessor directive - expected a newline
c:\users\nelson hain\documents\physicsassessment\physxengine\physxengine\source\physxapp.cpp(7): warning C4067: unexpected tokens following preprocessor directive - expected a newline
c:\users\nelson hain\documents\physicsassessment\physxengine\physxengine\source\physxapp.cpp(85): warning C4244: '-=' : conversion from 'double' to 'float', possible loss of data
c:\users\nelson hain\documents\physicsassessment\physxengine\physxengine\source\physxapp.cpp(301): warning C4244: 'argument' : conversion from 'float' to 'int', possible loss of data
c:\users\nelson hain\documents\physicsassessment\physxengine\physxengine\source\physxapp.cpp(376): warning C4244: 'argument' : conversion from 'float' to 'int', possible loss of data
  Generating Code...
  Compiling...
  main.cpp
  Generating Code...
LINK : warning LNK4098: defaultlib 'MSVCRT' conflicts with use of other libs; use /NODEFAULTLIB:library
PhysX3ExtensionsDEBUG.lib(ExtCpuWorkerThread.obj) : warning LNK4099: PDB 'physx3extensionsdebug.pdb' was not found with 'PhysX3ExtensionsDEBUG.lib(ExtCpuWorkerThread.obj)' or at 'C:\Users\Nelson Hain\Documents\PhysicsAssessment\PhysXEngine\Debug\physx3extensionsdebug.pdb'; linking object as if no debug info
PhysX3ExtensionsDEBUG.lib(ExtD6Joint.obj) : warning LNK4099: PDB 'physx3extensionsdebug.pdb' was not found with 'PhysX3ExtensionsDEBUG.lib(ExtD6Joint.obj)' or at 'C:\Users\Nelson Hain\Documents\PhysicsAssessment\PhysXEngine\Debug\physx3extensionsdebug.pdb'; linking object as if no debug info
PhysX3ExtensionsDEBUG.lib(ExtD6JointSolverPrep.obj) : warning LNK4099: PDB 'physx3extensionsdebug.pdb' was not found with 'PhysX3ExtensionsDEBUG.lib(ExtD6JointSolverPrep.obj)' or at 'C:\Users\Nelson Hain\Documents\PhysicsAssessment\PhysXEngine\Debug\physx3extensionsdebug.pdb'; linking object as if no debug info
PhysX3ExtensionsDEBUG.lib(ExtDefaultCpuDispatcher.obj) : warning LNK4099: PDB 'physx3extensionsdebug.pdb' was not found with 'PhysX3ExtensionsDEBUG.lib(ExtDefaultCpuDispatcher.obj)' or at 'C:\Users\Nelson Hain\Documents\PhysicsAssessment\PhysXEngine\Debug\physx3extensionsdebug.pdb'; linking object as if no debug info
PhysX3ExtensionsDEBUG.lib(ExtDefaultErrorCallback.obj) : warning LNK4099: PDB 'physx3extensionsdebug.pdb' was not found with 'PhysX3ExtensionsDEBUG.lib(ExtDefaultErrorCallback.obj)' or at 'C:\Users\Nelson Hain\Documents\PhysicsAssessment\PhysXEngine\Debug\physx3extensionsdebug.pdb'; linking object as if no debug info
PhysX3ExtensionsDEBUG.lib(ExtDefaultSimulationFilterShader.obj) : warning LNK4099: PDB 'physx3extensionsdebug.pdb' was not found with 'PhysX3ExtensionsDEBUG.lib(ExtDefaultSimulationFilterShader.obj)' or at 'C:\Users\Nelson Hain\Documents\PhysicsAssessment\PhysXEngine\Debug\physx3extensionsdebug.pdb'; linking object as if no debug info
PhysX3ExtensionsDEBUG.lib(ExtDistanceJoint.obj) : warning LNK4099: PDB 'physx3extensionsdebug.pdb' was not found with 'PhysX3ExtensionsDEBUG.lib(ExtDistanceJoint.obj)' or at 'C:\Users\Nelson Hain\Documents\PhysicsAssessment\PhysXEngine\Debug\physx3extensionsdebug.pdb'; linking object as if no debug info
PhysX3ExtensionsDEBUG.lib(ExtDistanceJointSolverPrep.obj) : warning LNK4099: PDB 'physx3extensionsdebug.pdb' was not found with 'PhysX3ExtensionsDEBUG.lib(ExtDistanceJointSolverPrep.obj)' or at 'C:\Users\Nelson Hain\Documents\PhysicsAssessment\PhysXEngine\Debug\physx3extensionsdebug.pdb'; linking object as if no debug info
PhysX3ExtensionsDEBUG.lib(ExtExtensions.obj) : warning LNK4099: PDB 'physx3extensionsdebug.pdb' was not found with 'PhysX3ExtensionsDEBUG.lib(ExtExtensions.obj)' or at 'C:\Users\Nelson Hain\Documents\PhysicsAssessment\PhysXEngine\Debug\physx3extensionsdebug.pdb'; linking object as if no debug info
PhysX3ExtensionsDEBUG.lib(ExtFixedJoint.obj) : warning LNK4099: PDB 'physx3extensionsdebug.pdb' was not found with 'PhysX3ExtensionsDEBUG.lib(ExtFixedJoint.obj)' or at 'C:\Users\Nelson Hain\Documents\PhysicsAssessment\PhysXEngine\Debug\physx3extensionsdebug.pdb'; linking object as if no debug info
PhysX3ExtensionsDEBUG.lib(ExtFixedJointSolverPrep.obj) : warning LNK4099: PDB 'physx3extensionsdebug.pdb' was not found with 'PhysX3ExtensionsDEBUG.lib(ExtFixedJointSolverPrep.obj)' or at 'C:\Users\Nelson Hain\Documents\PhysicsAssessment\PhysXEngine\Debug\physx3extensionsdebug.pdb'; linking object as if no debug info
PhysX3ExtensionsDEBUG.lib(ExtJoint.obj) : warning LNK4099: PDB 'physx3extensionsdebug.pdb' was not found with 'PhysX3ExtensionsDEBUG.lib(ExtJoint.obj)' or at 'C:\Users\Nelson Hain\Documents\PhysicsAssessment\PhysXEngine\Debug\physx3extensionsdebug.pdb'; linking object as if no debug info
PhysX3ExtensionsDEBUG.lib(ExtPrismaticJoint.obj) : warning LNK4099: PDB 'physx3extensionsdebug.pdb' was not found with 'PhysX3ExtensionsDEBUG.lib(ExtPrismaticJoint.obj)' or at 'C:\Users\Nelson Hain\Documents\PhysicsAssessment\PhysXEngine\Debug\physx3extensionsdebug.pdb'; linking object as if no debug info
PhysX3ExtensionsDEBUG.lib(ExtPrismaticJointSolverPrep.obj) : warning LNK4099: PDB 'physx3extensionsdebug.pdb' was not found with 'PhysX3ExtensionsDEBUG.lib(ExtPrismaticJointSolverPrep.obj)' or at 'C:\Users\Nelson Hain\Documents\PhysicsAssessment\PhysXEngine\Debug\physx3extensionsdebug.pdb'; linking object as if no debug info
PhysX3ExtensionsDEBUG.lib(ExtPvdClientImpl.obj) : warning LNK4099: PDB 'physx3extensionsdebug.pdb' was not found with 'PhysX3ExtensionsDEBUG.lib(ExtPvdClientImpl.obj)' or at 'C:\Users\Nelson Hain\Documents\PhysicsAssessment\PhysXEngine\Debug\physx3extensionsdebug.pdb'; linking object as if no debug info
PhysX3ExtensionsDEBUG.lib(ExtRevoluteJoint.obj) : warning LNK4099: PDB 'physx3extensionsdebug.pdb' was not found with 'PhysX3ExtensionsDEBUG.lib(ExtRevoluteJoint.obj)' or at 'C:\Users\Nelson Hain\Documents\PhysicsAssessment\PhysXEngine\Debug\physx3extensionsdebug.pdb'; linking object as if no debug info
PhysX3ExtensionsDEBUG.lib(ExtRevoluteJointSolverPrep.obj) : warning LNK4099: PDB 'physx3extensionsdebug.pdb' was not found with 'PhysX3ExtensionsDEBUG.lib(ExtRevoluteJointSolverPrep.obj)' or at 'C:\Users\Nelson Hain\Documents\PhysicsAssessment\PhysXEngine\Debug\physx3extensionsdebug.pdb'; linking object as if no debug info
PhysX3ExtensionsDEBUG.lib(ExtRigidBodyExt.obj) : warning LNK4099: PDB 'physx3extensionsdebug.pdb' was not found with 'PhysX3ExtensionsDEBUG.lib(ExtRigidBodyExt.obj)' or at 'C:\Users\Nelson Hain\Documents\PhysicsAssessment\PhysXEngine\Debug\physx3extensionsdebug.pdb'; linking object as if no debug info
PhysX3ExtensionsDEBUG.lib(ExtSimpleFactory.obj) : warning LNK4099: PDB 'physx3extensionsdebug.pdb' was not found with 'PhysX3ExtensionsDEBUG.lib(ExtSimpleFactory.obj)' or at 'C:\Users\Nelson Hain\Documents\PhysicsAssessment\PhysXEngine\Debug\physx3extensionsdebug.pdb'; linking object as if no debug info
PhysX3ExtensionsDEBUG.lib(ExtSphericalJoint.obj) : warning LNK4099: PDB 'physx3extensionsdebug.pdb' was not found with 'PhysX3ExtensionsDEBUG.lib(ExtSphericalJoint.obj)' or at 'C:\Users\Nelson Hain\Documents\PhysicsAssessment\PhysXEngine\Debug\physx3extensionsdebug.pdb'; linking object as if no debug info
PhysX3ExtensionsDEBUG.lib(ExtSphericalJointSolverPrep.obj) : warning LNK4099: PDB 'physx3extensionsdebug.pdb' was not found with 'PhysX3ExtensionsDEBUG.lib(ExtSphericalJointSolverPrep.obj)' or at 'C:\Users\Nelson Hain\Documents\PhysicsAssessment\PhysXEngine\Debug\physx3extensionsdebug.pdb'; linking object as if no debug info
PhysX3ExtensionsDEBUG.lib(ExtVisualDebugger.obj) : warning LNK4099: PDB 'physx3extensionsdebug.pdb' was not found with 'PhysX3ExtensionsDEBUG.lib(ExtVisualDebugger.obj)' or at 'C:\Users\Nelson Hain\Documents\PhysicsAssessment\PhysXEngine\Debug\physx3extensionsdebug.pdb'; linking object as if no debug info
PhysX3ExtensionsDEBUG.lib(SnJointRepXSerializer.obj) : warning LNK4099: PDB 'physx3extensionsdebug.pdb' was not found with 'PhysX3ExtensionsDEBUG.lib(SnJointRepXSerializer.obj)' or at 'C:\Users\Nelson Hain\Documents\PhysicsAssessment\PhysXEngine\Debug\physx3extensionsdebug.pdb'; linking object as if no debug info
PhysX3ExtensionsDEBUG.lib(SnRepXCoreSerializer.obj) : warning LNK4099: PDB 'physx3extensionsdebug.pdb' was not found with 'PhysX3ExtensionsDEBUG.lib(SnRepXCoreSerializer.obj)' or at 'C:\Users\Nelson Hain\Documents\PhysicsAssessment\PhysXEngine\Debug\physx3extensionsdebug.pdb'; linking object as if no debug info
PhysX3ExtensionsDEBUG.lib(PxExtensionAutoGeneratedMetaDataObjects.obj) : warning LNK4099: PDB 'physx3extensionsdebug.pdb' was not found with 'PhysX3ExtensionsDEBUG.lib(PxExtensionAutoGeneratedMetaDataObjects.obj)' or at 'C:\Users\Nelson Hain\Documents\PhysicsAssessment\PhysXEngine\Debug\physx3extensionsdebug.pdb'; linking object as if no debug info
PhysXVisualDebuggerSDKDEBUG.lib(PvdNetworkStreams.obj) : warning LNK4099: PDB 'physxvisualdebuggersdkdebug.pdb' was not found with 'PhysXVisualDebuggerSDKDEBUG.lib(PvdNetworkStreams.obj)' or at 'C:\Users\Nelson Hain\Documents\PhysicsAssessment\PhysXEngine\Debug\physxvisualdebuggersdkdebug.pdb'; linking object as if no debug info
  PhysXEngine.vcxproj -> C:\Users\Nelson Hain\Documents\PhysicsAssessment\PhysXEngine\Debug\PhysXEngin.exe
